  [1m[35m (5.1ms)[0m  [1m[34mSELECT sqlite_version(*)[0m
  [1m[35m (1.7ms)[0m  [1m[35mCREATE TABLE "schema_migrations" ("version" varchar NOT NULL PRIMARY KEY)[0m
  [1m[35m (1.4ms)[0m  [1m[35mCREATE TABLE "ar_internal_metadata" ("key" varchar NOT NULL PRIMARY KEY, "value" varchar, "created_at" datetime(6) NOT NULL, "updated_at" datetime(6) NOT NULL)[0m
  [1m[36mActiveRecord::SchemaMigration Pluck (0.2ms)[0m  [1m[34mSELECT "schema_migrations"."version" FROM "schema_migrations" ORDER BY "schema_migrations"."version" ASC[0m
Migrating to CreateItems (20220512044741)
  [1m[36mTRANSACTION (0.1ms)[0m  [1m[36mbegin transaction[0m
  [1m[35m (0.7ms)[0m  [1m[35mCREATE TABLE "items" ("id" integer PRIMARY KEY AUTOINCREMENT NOT NULL, "sku" varchar, "name" varchar, "desc" text, "price" decimal(8,2), "quantity" integer, "created_at" datetime(6) NOT NULL, "updated_at" datetime(6) NOT NULL)[0m
  [1m[36mActiveRecord::SchemaMigration Create (0.2ms)[0m  [1m[32mINSERT INTO "schema_migrations" ("version") VALUES (?)[0m  [["version", "20220512044741"]]
  [1m[36mTRANSACTION (0.9ms)[0m  [1m[36mcommit transaction[0m
  [1m[36mActiveRecord::InternalMetadata Load (0.1ms)[0m  [1m[34mSELECT "ar_internal_metadata".* FROM "ar_internal_metadata" WHERE "ar_internal_metadata"."key" = ? LIMIT ?[0m  [["key", "environment"], ["LIMIT", 1]]
  [1m[36mTRANSACTION (0.0ms)[0m  [1m[36mbegin transaction[0m
  [1m[36mActiveRecord::InternalMetadata Create (0.3ms)[0m  [1m[32mINSERT INTO "ar_internal_metadata" ("key", "value", "created_at", "updated_at") VALUES (?, ?, ?, ?)[0m  [["key", "environment"], ["value", "development"], ["created_at", "2022-05-12 05:04:33.435889"], ["updated_at", "2022-05-12 05:04:33.435889"]]
  [1m[36mTRANSACTION (0.7ms)[0m  [1m[36mcommit transaction[0m
  [1m[35m (0.1ms)[0m  [1m[34mSELECT sqlite_version(*)[0m
  [1m[36mActiveRecord::SchemaMigration Pluck (0.1ms)[0m  [1m[34mSELECT "schema_migrations"."version" FROM "schema_migrations" ORDER BY "schema_migrations"."version" ASC[0m
  [1m[35m (1.7ms)[0m  [1m[34mSELECT sqlite_version(*)[0m
  [1m[36mTRANSACTION (0.1ms)[0m  [1m[36mbegin transaction[0m
  [1m[36mItem Create (2.3ms)[0m  [1m[32mINSERT INTO "items" ("sku", "name", "desc", "price", "quantity", "created_at", "updated_at") VALUES (?, ?, ?, ?, ?, ?, ?)[0m  [["sku", "red-tshirt"], ["name", "red shirt"], ["desc", "this is a red tshirt"], ["price", 15.9], ["quantity", 20], ["created_at", "2022-05-12 05:20:04.080101"], ["updated_at", "2022-05-12 05:20:04.080101"]]
  [1m[36mTRANSACTION (1.7ms)[0m  [1m[36mcommit transaction[0m
Started GET "/" for ::1 at 2022-05-12 01:46:11 -0400
  [1m[35m (0.9ms)[0m  [1m[34mSELECT sqlite_version(*)[0m
  [1m[36mActiveRecord::SchemaMigration Pluck (0.2ms)[0m  [1m[34mSELECT "schema_migrations"."version" FROM "schema_migrations" ORDER BY "schema_migrations"."version" ASC[0m
Processing by ItemsController#index as HTML
  Rendering layout layouts/application.html.erb
  Rendering items/index.html.erb within layouts/application
  Rendered items/index.html.erb within layouts/application (Duration: 7.8ms | Allocations: 2362)
  Rendered layout layouts/application.html.erb (Duration: 8.6ms | Allocations: 2475)
Completed 500 Internal Server Error in 38ms (ActiveRecord: 0.0ms | Allocations: 6864)


  
ActionView::SyntaxErrorInTemplate (Encountered a syntax error while rendering template: check <h1>Not So Perfect Logistics</h1>
<h3>Inventory Management</h3>
<table>
  <tr>
    <th>SKU</th>
    <th>Name</th>
    <th>Description</th>
    <th>Price</th>
    <th>Quantity</th>
  </tr>
  <% @items.each do |item| %>
    <tr>
      <th><% item.sku %></th>
      <th><% item.name %></th>
      <th><% item.description %></th>
      <th><% item.price %></th>
      <th><% item.quantity %></th>
    </tr>
  </table>

):
1:    <h1>Not So Perfect Logistics</h1>
2:    <h3>Inventory Management</h3>
3:    <table>
4:      <tr>
5:        <th>SKU</th>
6:        <th>Name</th>
7:        <th>Description</th>
8:        <th>Price</th>
9:        <th>Quantity</th>
10:      </tr>
11:      <% @items.each do |item| %>
12:        <tr>
13:          <th><% item.sku %></th>
14:          <th><% item.name %></th>
15:          <th><% item.description %></th>
16:          <th><% item.price %></th>
17:          <th><% item.quantity %></th>
18:        </tr>
19:      </table>
  
app/views/items/index.html.erb:22: syntax error, unexpected end-of-input, expecting `end'
app/views/items/index.html.erb:22: syntax error, unexpected end-of-input, expecting `end'
app/views/items/index.html.erb:22: syntax error, unexpected end-of-input, expecting `end'
app/views/items/index.html.erb:22: syntax error, unexpected end-of-input, expecting `end'
app/views/items/index.html.erb:22: syntax error, unexpected end-of-input, expecting `end'
app/views/items/index.html.erb:22: syntax error, unexpected end-of-input, expecting `end'
Started GET "/" for ::1 at 2022-05-12 01:47:20 -0400
Processing by ItemsController#index as HTML
  Rendering layout layouts/application.html.erb
  Rendering items/index.html.erb within layouts/application
  Rendered items/index.html.erb within layouts/application (Duration: 1.6ms | Allocations: 1244)
  Rendered layout layouts/application.html.erb (Duration: 1.8ms | Allocations: 1340)
Completed 500 Internal Server Error in 4ms (ActiveRecord: 0.0ms | Allocations: 2163)


  
ActionView::SyntaxErrorInTemplate (Encountered a syntax error while rendering template: check <h1>Not So Perfect Logistics</h1>
<h3>Inventory Management</h3>
<table>
  <tr>
    <th>SKU</th>
    <th>Name</th>
    <th>Description</th>
    <th>Price</th>
    <th>Quantity</th>
  </tr>
  <% @items.each do |item| %>
    <tr>
      <td><% item.sku %></td>
      <td><% item.name %></td>
      <td><% item.description %></td>
      <td><% item.price %></td>
      <td><% item.quantity %></td>
    </tr>
  </table>

):
1:    <h1>Not So Perfect Logistics</h1>
2:    <h3>Inventory Management</h3>
3:    <table>
4:      <tr>
5:        <th>SKU</th>
6:        <th>Name</th>
7:        <th>Description</th>
8:        <th>Price</th>
9:        <th>Quantity</th>
10:      </tr>
11:      <% @items.each do |item| %>
12:        <tr>
13:          <td><% item.sku %></td>
14:          <td><% item.name %></td>
15:          <td><% item.description %></td>
16:          <td><% item.price %></td>
17:          <td><% item.quantity %></td>
18:        </tr>
19:      </table>
  
app/views/items/index.html.erb:22: syntax error, unexpected end-of-input, expecting `end'
app/views/items/index.html.erb:22: syntax error, unexpected end-of-input, expecting `end'
app/views/items/index.html.erb:22: syntax error, unexpected end-of-input, expecting `end'
app/views/items/index.html.erb:22: syntax error, unexpected end-of-input, expecting `end'
app/views/items/index.html.erb:22: syntax error, unexpected end-of-input, expecting `end'
app/views/items/index.html.erb:22: syntax error, unexpected end-of-input, expecting `end'
Started GET "/" for ::1 at 2022-05-12 01:48:13 -0400
Processing by ItemsController#index as HTML
  Rendering layout layouts/application.html.erb
  Rendering items/index.html.erb within layouts/application
  Rendered items/index.html.erb within layouts/application (Duration: 4.4ms | Allocations: 2176)
  Rendered layout layouts/application.html.erb (Duration: 4.6ms | Allocations: 2271)
Completed 500 Internal Server Error in 8ms (ActiveRecord: 0.0ms | Allocations: 3093)


  
ActionView::Template::Error (undefined method `each' for nil:NilClass

'.freeze;   @items.each do |item| 
                  ^^^^^):
     8:     <th>Price</th>
     9:     <th>Quantity</th>
    10:   </tr>
    11:   <% @items.each do |item| %>
    12:     <tr>
    13:       <td><% item.sku %></td>
    14:       <td><% item.name %></td>
  
app/views/items/index.html.erb:11
Started GET "/" for ::1 at 2022-05-12 01:48:55 -0400
Processing by ItemsController#index as HTML
  Rendering layout layouts/application.html.erb
  Rendering items/index.html.erb within layouts/application
  [1m[35m (0.9ms)[0m  [1m[34mSELECT sqlite_version(*)[0m
  ↳ app/views/items/index.html.erb:11
  [1m[36mItem Load (0.2ms)[0m  [1m[34mSELECT "items".* FROM "items"[0m
  ↳ app/views/items/index.html.erb:11
  Rendered items/index.html.erb within layouts/application (Duration: 27.6ms | Allocations: 14404)
  Rendered layout layouts/application.html.erb (Duration: 27.9ms | Allocations: 14508)
Completed 500 Internal Server Error in 32ms (ActiveRecord: 2.4ms | Allocations: 15843)


  
ActionView::Template::Error (undefined method `description' for #<Item id: 1, sku: "red-tshirt", name: "red shirt", desc: "this is a red tshirt", price: 0.159e2, quantity: 20, created_at: "2022-05-12 05:20:04.080101000 +0000", updated_at: "2022-05-12 05:20:04.080101000 +0000">
Did you mean?  decrypt):
    12:     <tr>
    13:       <td><% item.sku %></td>
    14:       <td><% item.name %></td>
    15:       <td><% item.description %></td>
    16:       <td><% item.price %></td>
    17:       <td><% item.quantity %></td>
    18:     </tr>
  
app/views/items/index.html.erb:15
app/views/items/index.html.erb:11
Started GET "/" for ::1 at 2022-05-12 01:49:07 -0400
Processing by ItemsController#index as HTML
  Rendering layout layouts/application.html.erb
  Rendering items/index.html.erb within layouts/application
  [1m[36mItem Load (0.2ms)[0m  [1m[34mSELECT "items".* FROM "items"[0m
  ↳ app/views/items/index.html.erb:11
  Rendered items/index.html.erb within layouts/application (Duration: 3.8ms | Allocations: 935)
  Rendered layout layouts/application.html.erb (Duration: 348.7ms | Allocations: 90907)
Completed 200 OK in 353ms (Views: 351.6ms | ActiveRecord: 0.2ms | Allocations: 91795)


Started GET "/" for ::1 at 2022-05-12 02:08:48 -0400
Processing by ItemsController#index as HTML
  Rendering layout layouts/application.html.erb
  Rendering items/index.html.erb within layouts/application
  [1m[35m (0.1ms)[0m  [1m[34mSELECT sqlite_version(*)[0m
  ↳ app/views/items/index.html.erb:11
  [1m[36mItem Load (0.1ms)[0m  [1m[34mSELECT "items".* FROM "items"[0m
  ↳ app/views/items/index.html.erb:11
  Rendered items/index.html.erb within layouts/application (Duration: 19.8ms | Allocations: 9801)
  Rendered layout layouts/application.html.erb (Duration: 20.1ms | Allocations: 9895)
Completed 500 Internal Server Error in 27ms (ActiveRecord: 0.4ms | Allocations: 11481)


  
ActionView::Template::Error (undefined method `item_path' for #<ActionView::Base:0x00000000012b88>

              target.public_send(method, *args)
                    ^^^^^^^^^^^^):
    11:   <% @items.each do |item| %>
    12:     <tr>
    13:       <td><%= item.sku %></td>
    14:       <td><%= link_to item.name, item %></td>
    15:       <td><%= item.desc %></td>
    16:       <td><%= item.price %></td>
    17:       <td><%= item.quantity %></td>
  
app/views/items/index.html.erb:14
app/views/items/index.html.erb:11
Started GET "/" for ::1 at 2022-05-12 02:11:18 -0400
Processing by ItemsController#index as HTML
  Rendering layout layouts/application.html.erb
  Rendering items/index.html.erb within layouts/application
  [1m[35m (0.1ms)[0m  [1m[34mSELECT sqlite_version(*)[0m
  ↳ app/views/items/index.html.erb:11
  [1m[36mItem Load (0.2ms)[0m  [1m[34mSELECT "items".* FROM "items"[0m
  ↳ app/views/items/index.html.erb:11
  Rendered items/index.html.erb within layouts/application (Duration: 11.1ms | Allocations: 3646)
  Rendered layout layouts/application.html.erb (Duration: 38.1ms | Allocations: 17832)
Completed 200 OK in 42ms (Views: 39.4ms | ActiveRecord: 1.4ms | Allocations: 19123)


Started GET "/items/1" for ::1 at 2022-05-12 02:11:20 -0400
Processing by ItemsController#show as HTML
  Parameters: {"id"=>"1"}
  [1m[36mItem Load (0.2ms)[0m  [1m[34mSELECT "items".* FROM "items" WHERE "items"."id" = ? LIMIT ?[0m  [["id", 1], ["LIMIT", 1]]
  ↳ app/controllers/items_controller.rb:7:in `show'
  Rendering layout layouts/application.html.erb
  Rendering items/show.html.erb within layouts/application
  Rendered items/show.html.erb within layouts/application (Duration: 2.4ms | Allocations: 187)
  Rendered layout layouts/application.html.erb (Duration: 5.7ms | Allocations: 2834)
Completed 200 OK in 13ms (Views: 6.3ms | ActiveRecord: 0.2ms | Allocations: 5524)


